#
# There is insufficient memory for the Java Runtime Environment to continue.
# Native memory allocation (malloc) failed to allocate 1048576 bytes for AllocateHeap
# Possible reasons:
#   The system is out of physical RAM or swap space
#   In 32 bit mode, the process size limit was hit
# Possible solutions:
#   Reduce memory load on the system
#   Increase physical memory or swap space
#   Check if swap backing store is full
#   Use 64 bit Java on a 64 bit OS
#   Decrease Java heap size (-Xmx/-Xms)
#   Decrease number of Java threads
#   Decrease Java thread stack sizes (-Xss)
#   Set larger code cache with -XX:ReservedCodeCacheSize=
# This output file may be truncated or incomplete.
#
#  Out of Memory Error (memory/allocation.inline.hpp:61), pid=2120, tid=0x000000000000798c
#
# JRE version:  (8.0_181-b13) (build )
# Java VM: Java HotSpot(TM) 64-Bit Server VM (25.181-b13 mixed mode windows-amd64 compressed oops)
# Failed to write core dump. Minidumps are not enabled by default on client versions of Windows
#

---------------  T H R E A D  ---------------

Current thread (0x0000000002b93800):  JavaThread "Unknown thread" [_thread_in_vm, id=31116, stack(0x00000000029f0000,0x0000000002af0000)]

Stack: [0x00000000029f0000,0x0000000002af0000]
[error occurred during error reporting (printing stack bounds), id 0xc0000005]

Native frames: (J=compiled Java code, j=interpreted, Vv=VM code, C=native code)


---------------  P R O C E S S  ---------------

Java Threads: ( => current thread )

Other Threads:

=>0x0000000002b93800 (exited) JavaThread "Unknown thread" [_thread_in_vm, id=31116, stack(0x00000000029f0000,0x0000000002af0000)]

VM state:not at safepoint (normal execution)

VM Mutex/Monitor currently owned by a thread: None

Heap:
 PSYoungGen      total 57344K, used 983K [0x0000000780a00000, 0x0000000784a00000, 0x00000007c0000000)
  eden space 49152K, 2% used [0x0000000780a00000,0x0000000780af5c38,0x0000000783a00000)
  from space 8192K, 0% used [0x0000000784200000,0x0000000784200000,0x0000000784a00000)
  to   space 8192K, 0% used [0x0000000783a00000,0x0000000783a00000,0x0000000784200000)
 ParOldGen       total 131072K, used 0K [0x0000000701e00000, 0x0000000709e00000, 0x0000000780a00000)
  object space 131072K, 0% used [0x0000000701e00000,0x0000000701e00000,0x0000000709e00000)
 Metaspace       used 751K, capacity 4480K, committed 4480K, reserved 1056768K
  class space    used 76K, capacity 384K, committed 384K, reserved 1048576K

Card table byte_map: [0x0000000012050000,0x0000000012650000] byte_map_base: 0x000000000e841000

Marking Bits: (ParMarkBitMap*) 0x0000000076b42d00
 Begin Bits: [0x0000000013250000, 0x00000000161d8000)
 End Bits:   [0x00000000161d8000, 0x0000000019160000)

Polling page: 0x0000000000c70000

CodeCache: size=245760Kb used=328Kb max_used=328Kb free=245431Kb
 bounds [0x0000000002c90000, 0x0000000002f00000, 0x0000000011c90000]
 total_blobs=58 nmethods=0 adapters=38
 compilation: enabled

Compilation events (0 events):
No events

GC Heap History (0 events):
No events

Deoptimization events (0 events):
No events

Classes redefined (0 events):
No events

Internal exceptions (0 events):
No events

Events (10 events):
Event: 0.026 loading class java/lang/Short
Event: 0.026 loading class java/lang/Short done
Event: 0.026 loading class java/lang/Integer
Event: 0.027 loading class java/lang/Integer done
Event: 0.027 loading class java/lang/Long
Event: 0.027 loading class java/lang/Long done
Event: 0.027 loading class java/lang/NullPointerException
Event: 0.027 loading class java/lang/NullPointerException done
Event: 0.027 loading class java/lang/ArithmeticException
Event: 0.027 loading class java/lang/ArithmeticException done


Dynamic libraries:
0x00007ff6c4520000 - 0x00007ff6c4557000 	C:\Program Files\Java\jre1.8.0_181\bin\javaw.exe
0x00007ffbfd570000 - 0x00007ffbfd751000 	C:\WINDOWS\SYSTEM32\ntdll.dll
0x00007ffbfab30000 - 0x00007ffbfabe2000 	C:\WINDOWS\System32\KERNEL32.DLL
0x00007ffbf9b30000 - 0x00007ffbf9da3000 	C:\WINDOWS\System32\KERNELBASE.dll
0x00007ffbfd110000 - 0x00007ffbfd1b1000 	C:\WINDOWS\System32\ADVAPI32.dll
0x00007ffbfaa00000 - 0x00007ffbfaa9e000 	C:\WINDOWS\System32\msvcrt.dll
0x00007ffbfd330000 - 0x00007ffbfd38b000 	C:\WINDOWS\System32\sechost.dll
0x00007ffbfbaf0000 - 0x00007ffbfbc14000 	C:\WINDOWS\System32\RPCRT4.dll
0x00007ffbfb2a0000 - 0x00007ffbfb430000 	C:\WINDOWS\System32\USER32.dll
0x00007ffbf9a90000 - 0x00007ffbf9ab0000 	C:\WINDOWS\System32\win32u.dll
0x00007ffbfaaa0000 - 0x00007ffbfaac8000 	C:\WINDOWS\System32\GDI32.dll
0x00007ffbfa670000 - 0x00007ffbfa802000 	C:\WINDOWS\System32\gdi32full.dll
0x00007ffbf99f0000 - 0x00007ffbf9a8f000 	C:\WINDOWS\System32\msvcp_win.dll
0x00007ffbfa570000 - 0x00007ffbfa66a000 	C:\WINDOWS\System32\ucrtbase.dll
0x00007ffbe8d90000 - 0x00007ffbe8ff9000 	C:\WINDOWS\WinSxS\amd64_microsoft.windows.common-controls_6595b64144ccf1df_6.0.17134.345_none_fb429a5930656358\COMCTL32.dll
0x00007ffbfb430000 - 0x00007ffbfb753000 	C:\WINDOWS\System32\combase.dll
0x00007ffbf9ab0000 - 0x00007ffbf9b2a000 	C:\WINDOWS\System32\bcryptPrimitives.dll
0x00007ffbfd300000 - 0x00007ffbfd32d000 	C:\WINDOWS\System32\IMM32.DLL
0x0000000077030000 - 0x0000000077102000 	C:\Program Files\Java\jre1.8.0_181\bin\msvcr100.dll
0x0000000076320000 - 0x0000000076bc2000 	C:\Program Files\Java\jre1.8.0_181\bin\server\jvm.dll
0x00007ffbfb760000 - 0x00007ffbfb768000 	C:\WINDOWS\System32\PSAPI.DLL
0x00007ffbe5f70000 - 0x00007ffbe5f79000 	C:\WINDOWS\SYSTEM32\WSOCK32.dll
0x00007ffbebb90000 - 0x00007ffbebb9a000 	C:\WINDOWS\SYSTEM32\VERSION.dll
0x00007ffbf5e70000 - 0x00007ffbf5e93000 	C:\WINDOWS\SYSTEM32\WINMM.dll
0x00007ffbfd290000 - 0x00007ffbfd2fc000 	C:\WINDOWS\System32\WS2_32.dll
0x00007ffbf5e40000 - 0x00007ffbf5e6a000 	C:\WINDOWS\SYSTEM32\WINMMBASE.dll
0x00007ffbf99a0000 - 0x00007ffbf99e9000 	C:\WINDOWS\System32\cfgmgr32.dll
0x0000000077020000 - 0x000000007702f000 	C:\Program Files\Java\jre1.8.0_181\bin\verify.dll
0x0000000076ff0000 - 0x0000000077019000 	C:\Program Files\Java\jre1.8.0_181\bin\java.dll
0x0000000076fd0000 - 0x0000000076fe6000 	C:\Program Files\Java\jre1.8.0_181\bin\zip.dll

VM Arguments:
jvm_args: -ea -Dfile.encoding=Cp1252 
java_command: org.testng.remote.RemoteTestNG -serport 64338 -protocol json -d C:\Users\user\eclipse-workspace\SKERP\test-output C:\Users\user\eclipse-workspace\SKERP\testng1.xml
java_class_path (initial): C:\Users\user\Downloads\eclipse-jee-photon-R-win32-x86_64\eclipse\configuration\org.eclipse.osgi\999\0\.cp\lib\testng-remote.jar;C:\Program Files\Java\jre1.8.0_181\lib\resources.jar;C:\Program Files\Java\jre1.8.0_181\lib\rt.jar;C:\Program Files\Java\jre1.8.0_181\lib\jsse.jar;C:\Program Files\Java\jre1.8.0_181\lib\jce.jar;C:\Program Files\Java\jre1.8.0_181\lib\charsets.jar;C:\Program Files\Java\jre1.8.0_181\lib\jfr.jar;C:\Program Files\Java\jre1.8.0_181\lib\ext\access-bridge-64.jar;C:\Program Files\Java\jre1.8.0_181\lib\ext\cldrdata.jar;C:\Program Files\Java\jre1.8.0_181\lib\ext\dnsns.jar;C:\Program Files\Java\jre1.8.0_181\lib\ext\jaccess.jar;C:\Program Files\Java\jre1.8.0_181\lib\ext\jfxrt.jar;C:\Program Files\Java\jre1.8.0_181\lib\ext\localedata.jar;C:\Program Files\Java\jre1.8.0_181\lib\ext\nashorn.jar;C:\Program Files\Java\jre1.8.0_181\lib\ext\sunec.jar;C:\Program Files\Java\jre1.8.0_181\lib\ext\sunjce_provider.jar;C:\Program Files\Java\jre1.8.0_181\lib\ext\sunmscapi.jar;C:\Program Files\Java\jre1.8.0_181\lib\ext\sunpkcs11.jar;C:\Program Files\Java\jre1.8.0_181\lib\ext\zipfs.jar;C:\Users\user\eclipse-workspace\SKERP\target\test-classes;C:\Users\user\eclipse-workspace\SKERP\target\classes;D:\software\selenium-server-standalone-3.13.0.jar;C:\Users\user\.m2\repository\junit\junit\3.8.1\junit-3.8.1.jar;C:\Users\user\.m2\repository\org\seleniumhq\selenium\selenium-java\3.13.0\selenium-java-3.13.0.jar;C:\Users\user\.m2\repository\org\seleniumhq\selenium\selenium-api\3.13.0\selenium-api-3.13.0.jar;C:\Users\user\.m2\repository\org\seleniumhq\selenium\selenium-chrome-driver\3.13.0\selenium-chrome-driver-3.13.0.jar;C:\Users\user\.m2\repository\org\seleniumhq\selenium\selenium-edge-driver\3.13.0\selenium-edge-driver-3.13.0.jar;C:\Users\user\.m2\repository\org\seleniumhq\selenium\selenium-firefox-driver\3.13.0\selenium-firefox-driver-3.13.0.jar;C:\Users\user\.m2\repository\org\seleniumhq\selenium\selenium-ie-driver\3.13.0\selenium-ie-driver-3.13.
Launcher Type: SUN_STANDARD

Environment Variables:
PATH=C:/Program Files/Java/jre1.8.0_181/bin/server;C:/Program Files/Java/jre1.8.0_181/bin;C:/Program Files/Java/jre1.8.0_181/lib/amd64;C:\Program Files (x86)\Common Files\Oracle\Java\javapath;C:\WINDOWS\system32;C:\WINDOWS;C:\WINDOWS\System32\Wbem;C:\WINDOWS\System32\WindowsPowerShell\v1.0\;C:\WINDOWS\System32\OpenSSH\;C:\Program Files\Microsoft VS Code\bin;C:\Program Files\nodejs\;C:\Users\user\AppData\Local\Microsoft\WindowsApps;C:\Users\user\AppData\Roaming\npm;C:\Users\user\Downloads\eclipse-jee-photon-R-win32-x86_64\eclipse;
USERNAME=user
OS=Windows_NT
PROCESSOR_IDENTIFIER=Intel64 Family 6 Model 142 Stepping 10, GenuineIntel



---------------  S Y S T E M  ---------------

OS: Windows 10.0 , 64 bit Build 17134 (10.0.17134.1)

CPU:total 8 (initial active 8) (4 cores per cpu, 2 threads per core) family 6 model 142 stepping 10, cmov, cx8, fxsr, mmx, sse, sse2, sse3, ssse3, sse4.1, sse4.2, popcnt, avx, avx2, aes, clmul, erms, 3dnowpref, lzcnt, ht, tsc, tscinvbit, bmi1, bmi2, adx

Memory: 4k page, physical 12456824k(836004k free), swap 27864052k(4588k free)

vm_info: Java HotSpot(TM) 64-Bit Server VM (25.181-b13) for windows-amd64 JRE (1.8.0_181-b13), built on Jul  7 2018 04:01:33 by "java_re" with MS VC++ 10.0 (VS2010)

time: Thu Oct 25 19:36:43 2018
elapsed time: 0 seconds (0d 0h 0m 0s)

